<?xml version="1.0" encoding="UTF-8"?>
<!-- Generated by org.testng.reporters.JUnitReportReporter -->
<testsuite hostname="nlpultp2803245" name="com.Web_datadriven.selenium4Testing" tests="2" failures="0" timestamp="4 Aug 2019 13:50:39 GMT" time="24.638" errors="0">
  <testcase name="Loginpage" time="17.203" classname="com.Web_datadriven.selenium4Testing"/>
  <testcase name="TodayDeals" time="7.435" classname="com.Web_datadriven.selenium4Testing"/>
</testsuite> <!-- com.Web_datadriven.selenium4Testing -->
